<?xml version="1.0" encoding="UTF-8"?>
<robot generator="Robot 4.1.1 (Python 3.10.0 on win32)" generated="20211021 16:10:16.046" rpa="false" schemaversion="2">
<suite id="s1" name="Script" source="C:\development\robot-scripts\test_project\tests\Script.robot">
<test id="s1-t1" name="User must sign in and select some elements">
<kw name="Begin Web Test" library="Common" type="SETUP">
<kw name="Open Browser" library="SeleniumLibrary">
<arg>${URL}</arg>
<arg>${BROWSER}</arg>
<doc>Opens a new browser instance to the optional ``url``.</doc>
<msg timestamp="20211021 16:10:16.200" level="INFO">Opening browser 'chrome' to base url 'https://jdi-testing.github.io/jdi-light/index.html'.</msg>
<status status="PASS" starttime="20211021 16:10:16.200" endtime="20211021 16:10:17.922"/>
</kw>
<kw name="Maximize Browser Window" library="SeleniumLibrary">
<doc>Maximizes current browser window.</doc>
<status status="PASS" starttime="20211021 16:10:17.922" endtime="20211021 16:10:18.037"/>
</kw>
<status status="PASS" starttime="20211021 16:10:16.200" endtime="20211021 16:10:18.037"/>
</kw>
<kw name="Enter to Landing Page" library="ScriptApp">
<kw name="Load" library="LandingPage">
<kw name="Go To" library="SeleniumLibrary">
<arg>${URL}</arg>
<doc>Navigates the current browser window to the provided ``url``.</doc>
<msg timestamp="20211021 16:10:18.037" level="INFO">Opening url 'https://jdi-testing.github.io/jdi-light/index.html'</msg>
<status status="PASS" starttime="20211021 16:10:18.037" endtime="20211021 16:10:18.298"/>
</kw>
<status status="PASS" starttime="20211021 16:10:18.037" endtime="20211021 16:10:18.298"/>
</kw>
<kw name="Verify Page Loaded" library="LandingPage">
<kw name="Wait Until Page Contains" library="SeleniumLibrary">
<arg>Home Page</arg>
<doc>Waits until ``text`` appears on the current page.</doc>
<status status="PASS" starttime="20211021 16:10:18.298" endtime="20211021 16:10:18.307"/>
</kw>
<status status="PASS" starttime="20211021 16:10:18.298" endtime="20211021 16:10:18.307"/>
</kw>
<status status="PASS" starttime="20211021 16:10:18.037" endtime="20211021 16:10:18.307"/>
</kw>
<kw name="Login Web site" library="ScriptApp">
<kw name="Perform login" library="Login">
<kw name="Click Element" library="SeleniumLibrary">
<arg>${ICON}</arg>
<doc>Click the element identified by ``locator``.</doc>
<msg timestamp="20211021 16:10:18.308" level="INFO">Clicking element 'xpath=/html/body/header/div/nav/ul[2]/li/a'.</msg>
<status status="PASS" starttime="20211021 16:10:18.308" endtime="20211021 16:10:18.339"/>
</kw>
<kw name="Input Text" library="SeleniumLibrary">
<arg>id:name</arg>
<arg>${USENAME_PASSWORD_LOGGINED}[0]</arg>
<doc>Types the given ``text`` into the text field identified by ``locator``.</doc>
<msg timestamp="20211021 16:10:18.340" level="INFO">Typing text 'Roman' into text field 'id:name'.</msg>
<status status="PASS" starttime="20211021 16:10:18.339" endtime="20211021 16:10:18.395"/>
</kw>
<kw name="Input Password" library="SeleniumLibrary">
<arg>id:password</arg>
<arg>${USENAME_PASSWORD_LOGGINED}[1]</arg>
<doc>Types the given password into the text field identified by ``locator``.</doc>
<msg timestamp="20211021 16:10:18.395" level="INFO">Typing password into text field 'id:password'.</msg>
<msg timestamp="20211021 16:10:18.419" level="INFO">Temporally setting log level to: NONE</msg>
<msg timestamp="20211021 16:10:18.444" level="INFO">Log level changed from NONE to INFO.</msg>
<status status="PASS" starttime="20211021 16:10:18.395" endtime="20211021 16:10:18.444"/>
</kw>
<kw name="Click Element" library="SeleniumLibrary">
<arg>id:login-button</arg>
<doc>Click the element identified by ``locator``.</doc>
<msg timestamp="20211021 16:10:18.444" level="INFO">Clicking element 'id:login-button'.</msg>
<status status="PASS" starttime="20211021 16:10:18.444" endtime="20211021 16:10:18.471"/>
</kw>
<status status="PASS" starttime="20211021 16:10:18.308" endtime="20211021 16:10:18.472"/>
</kw>
<kw name="Verify login" library="Login">
<kw name="Element Should Contain" library="SeleniumLibrary">
<arg>id=user-name</arg>
<arg>${USENAME_PASSWORD_LOGGINED}[2]</arg>
<doc>Verifies that element ``locator`` contains text ``expected``.</doc>
<msg timestamp="20211021 16:10:18.486" level="INFO">Element 'id=user-name' contains text 'ROMAN IOVLEV'.</msg>
<status status="PASS" starttime="20211021 16:10:18.472" endtime="20211021 16:10:18.486"/>
</kw>
<status status="PASS" starttime="20211021 16:10:18.472" endtime="20211021 16:10:18.486"/>
</kw>
<status status="PASS" starttime="20211021 16:10:18.308" endtime="20211021 16:10:18.486"/>
</kw>
<kw name="Service Page actions" library="ScriptApp">
<kw name="Load and Verify" library="ServicePage">
<kw name="Click Element" library="SeleniumLibrary">
<arg>${SERVICE_MENU}</arg>
<doc>Click the element identified by ``locator``.</doc>
<msg timestamp="20211021 16:10:18.487" level="INFO">Clicking element 'xpath=/html/body/header/div/nav/ul[1]/li[3]/a'.</msg>
<status status="PASS" starttime="20211021 16:10:18.487" endtime="20211021 16:10:18.514"/>
</kw>
<kw name="Click Link" library="SeleniumLibrary">
<arg>Different elements</arg>
<doc>Clicks a link identified by ``locator``.</doc>
<msg timestamp="20211021 16:10:18.514" level="INFO">Clicking link 'Different elements'.</msg>
<status status="PASS" starttime="20211021 16:10:18.514" endtime="20211021 16:10:18.804"/>
</kw>
<kw name="Page Should Contain Button" library="SeleniumLibrary">
<arg>Default Button</arg>
<doc>Verifies button ``locator`` is found from current page.</doc>
<msg timestamp="20211021 16:10:18.824" level="INFO">Current page contains button 'Default Button'.</msg>
<status status="PASS" starttime="20211021 16:10:18.804" endtime="20211021 16:10:18.824"/>
</kw>
<status status="PASS" starttime="20211021 16:10:18.487" endtime="20211021 16:10:18.824"/>
</kw>
<kw name="Select checkboxes and buttons" library="ServicePage">
<kw name="Select Checkbox" library="SeleniumLibrary">
<arg>${WATER_CHECKBOX}</arg>
<doc>Selects the checkbox identified by ``locator``.</doc>
<msg timestamp="20211021 16:10:18.824" level="INFO">Selecting checkbox 'xpath=/html/body/div/div[2]/main/div[2]/div/div[2]/label[1]/input'.</msg>
<status status="PASS" starttime="20211021 16:10:18.824" endtime="20211021 16:10:18.870"/>
</kw>
<kw name="Select Checkbox" library="SeleniumLibrary">
<arg>${WIND_CHECKBOX}</arg>
<doc>Selects the checkbox identified by ``locator``.</doc>
<msg timestamp="20211021 16:10:18.871" level="INFO">Selecting checkbox 'xpath=/html/body/div/div[2]/main/div[2]/div/div[2]/label[3]/input'.</msg>
<status status="PASS" starttime="20211021 16:10:18.871" endtime="20211021 16:10:18.922"/>
</kw>
<kw name="Click Element" library="SeleniumLibrary">
<arg>${SELEN_RADIO}</arg>
<doc>Click the element identified by ``locator``.</doc>
<msg timestamp="20211021 16:10:18.923" level="INFO">Clicking element 'xpath=/html/body/div/div[2]/main/div[2]/div/div[3]/label[4]'.</msg>
<status status="PASS" starttime="20211021 16:10:18.922" endtime="20211021 16:10:18.952"/>
</kw>
<kw name="Click Element" library="SeleniumLibrary">
<arg>${COLOR_MENU}</arg>
<doc>Click the element identified by ``locator``.</doc>
<msg timestamp="20211021 16:10:18.952" level="INFO">Clicking element 'xpath=/html/body/div/div[2]/main/div[2]/div/div[4]/select'.</msg>
<status status="PASS" starttime="20211021 16:10:18.952" endtime="20211021 16:10:18.985"/>
</kw>
<kw name="Click Element" library="SeleniumLibrary">
<arg>${YELLOW_SELECT}</arg>
<doc>Click the element identified by ``locator``.</doc>
<msg timestamp="20211021 16:10:18.985" level="INFO">Clicking element 'xpath=/html/body/div/div[2]/main/div[2]/div/div[4]/select/option[4]'.</msg>
<status status="PASS" starttime="20211021 16:10:18.985" endtime="20211021 16:10:19.008"/>
</kw>
<status status="PASS" starttime="20211021 16:10:18.824" endtime="20211021 16:10:19.008"/>
</kw>
<kw name="Confirm Selection status" library="ServicePage">
<kw name="Page Should Contain" library="SeleniumLibrary">
<arg>${WATER}</arg>
<doc>Verifies that current page contains ``text``.</doc>
<msg timestamp="20211021 16:10:19.017" level="INFO">Current page contains text 'Water: condition changed to true'.</msg>
<status status="PASS" starttime="20211021 16:10:19.009" endtime="20211021 16:10:19.017"/>
</kw>
<kw name="Page Should Contain" library="SeleniumLibrary">
<arg>${WIND}</arg>
<doc>Verifies that current page contains ``text``.</doc>
<msg timestamp="20211021 16:10:19.024" level="INFO">Current page contains text 'Wind: condition changed to true'.</msg>
<status status="PASS" starttime="20211021 16:10:19.017" endtime="20211021 16:10:19.024"/>
</kw>
<kw name="Element Should Contain" library="SeleniumLibrary">
<arg>${LOG_WINDOW}</arg>
<arg>${SELEN}</arg>
<doc>Verifies that element ``locator`` contains text ``expected``.</doc>
<msg timestamp="20211021 16:10:19.039" level="INFO">Element 'xpath=//*[@id="mCSB_2_container"]/section[1]/div[2]/div/ul' contains text 'metal: value changed to Selen'.</msg>
<status status="PASS" starttime="20211021 16:10:19.024" endtime="20211021 16:10:19.039"/>
</kw>
<kw name="Page Should Contain" library="SeleniumLibrary">
<arg>${YELLOW}</arg>
<doc>Verifies that current page contains ``text``.</doc>
<msg timestamp="20211021 16:10:19.046" level="INFO">Current page contains text 'Colors: value changed to Yellow'.</msg>
<status status="PASS" starttime="20211021 16:10:19.039" endtime="20211021 16:10:19.046"/>
</kw>
<status status="PASS" starttime="20211021 16:10:19.008" endtime="20211021 16:10:19.046"/>
</kw>
<status status="PASS" starttime="20211021 16:10:18.487" endtime="20211021 16:10:19.046"/>
</kw>
<kw name="End Web Test" library="Common" type="TEARDOWN">
<kw name="Close Browser" library="SeleniumLibrary">
<doc>Closes the current browser.</doc>
<status status="PASS" starttime="20211021 16:10:19.047" endtime="20211021 16:10:21.159"/>
</kw>
<status status="PASS" starttime="20211021 16:10:19.047" endtime="20211021 16:10:21.159"/>
</kw>
<doc>Perform some actions at the test site</doc>
<tag>Exercise 1</tag>
<status status="PASS" starttime="20211021 16:10:16.200" endtime="20211021 16:10:21.159"/>
</test>
<doc>Perform some actions at the test site</doc>
<status status="PASS" starttime="20211021 16:10:16.046" endtime="20211021 16:10:21.159"/>
</suite>
<statistics>
<total>
<stat pass="1" fail="0" skip="0">All Tests</stat>
</total>
<tag>
<stat pass="1" fail="0" skip="0">Exercise 1</stat>
</tag>
<suite>
<stat pass="1" fail="0" skip="0" id="s1" name="Script">Script</stat>
</suite>
</statistics>
<errors>
</errors>
</robot>
