<?xml version="1.0" encoding="UTF-8"?>
<robot generator="Robot 4.1.1 (Python 3.10.0 on win32)" generated="20211021 20:52:55.853" rpa="false" schemaversion="2">
<suite id="s1" name="Script" source="C:\development\robot-scripts\test_project\tests\Script.robot">
<test id="s1-t1" name="User must sign in and select some elements">
<kw name="Begin Web Test" library="Common" type="SETUP">
<kw name="Open Browser" library="SeleniumLibrary">
<arg>${URL}</arg>
<arg>${BROWSER}</arg>
<doc>Opens a new browser instance to the optional ``url``.</doc>
<msg timestamp="20211021 20:52:56.010" level="INFO">Opening browser 'chrome' to base url 'https://jdi-testing.github.io/jdi-light/index.html'.</msg>
<status status="PASS" starttime="20211021 20:52:56.010" endtime="20211021 20:52:58.017"/>
</kw>
<kw name="Maximize Browser Window" library="SeleniumLibrary">
<doc>Maximizes current browser window.</doc>
<status status="PASS" starttime="20211021 20:52:58.017" endtime="20211021 20:52:58.131"/>
</kw>
<status status="PASS" starttime="20211021 20:52:56.010" endtime="20211021 20:52:58.131"/>
</kw>
<kw name="Enter to Landing Page" library="ScriptApp">
<kw name="Load and Verify" library="LandingPage">
<kw name="Go To" library="SeleniumLibrary">
<arg>${URL}</arg>
<doc>Navigates the current browser window to the provided ``url``.</doc>
<msg timestamp="20211021 20:52:58.134" level="INFO">Opening url 'https://jdi-testing.github.io/jdi-light/index.html'</msg>
<status status="PASS" starttime="20211021 20:52:58.134" endtime="20211021 20:52:58.377"/>
</kw>
<kw name="Wait Until Page Contains" library="SeleniumLibrary">
<arg>Home Page</arg>
<doc>Waits until ``text`` appears on the current page.</doc>
<status status="PASS" starttime="20211021 20:52:58.377" endtime="20211021 20:52:58.386"/>
</kw>
<status status="PASS" starttime="20211021 20:52:58.134" endtime="20211021 20:52:58.386"/>
</kw>
<status status="PASS" starttime="20211021 20:52:58.133" endtime="20211021 20:52:58.386"/>
</kw>
<kw name="Login Web site" library="ScriptApp">
<kw name="Login and Verify" library="Login">
<arg>@{USENAME_PASSWORD_LOGGINED}</arg>
<kw name="Click Element" library="SeleniumLibrary">
<arg>${ICON}</arg>
<doc>Click the element identified by ``locator``.</doc>
<msg timestamp="20211021 20:52:58.387" level="INFO">Clicking element 'xpath:/html/body/header/div/nav/ul[2]/li/a'.</msg>
<status status="PASS" starttime="20211021 20:52:58.387" endtime="20211021 20:52:58.419"/>
</kw>
<kw name="Input Text" library="SeleniumLibrary">
<arg>id:name</arg>
<arg>${list}[0]</arg>
<doc>Types the given ``text`` into the text field identified by ``locator``.</doc>
<msg timestamp="20211021 20:52:58.419" level="INFO">Typing text 'Roman' into text field 'id:name'.</msg>
<status status="PASS" starttime="20211021 20:52:58.419" endtime="20211021 20:52:58.480"/>
</kw>
<kw name="Input Password" library="SeleniumLibrary">
<arg>id:password</arg>
<arg>${list}[1]</arg>
<doc>Types the given password into the text field identified by ``locator``.</doc>
<msg timestamp="20211021 20:52:58.481" level="INFO">Typing password into text field 'id:password'.</msg>
<msg timestamp="20211021 20:52:58.504" level="INFO">Temporally setting log level to: NONE</msg>
<msg timestamp="20211021 20:52:58.526" level="INFO">Log level changed from NONE to INFO.</msg>
<status status="PASS" starttime="20211021 20:52:58.480" endtime="20211021 20:52:58.526"/>
</kw>
<kw name="Click Element" library="SeleniumLibrary">
<arg>id:login-button</arg>
<doc>Click the element identified by ``locator``.</doc>
<msg timestamp="20211021 20:52:58.527" level="INFO">Clicking element 'id:login-button'.</msg>
<status status="PASS" starttime="20211021 20:52:58.526" endtime="20211021 20:52:58.554"/>
</kw>
<kw name="Element Should Contain" library="SeleniumLibrary">
<arg>id=user-name</arg>
<arg>${list}[2]</arg>
<doc>Verifies that element ``locator`` contains text ``expected``.</doc>
<msg timestamp="20211021 20:52:58.568" level="INFO">Element 'id=user-name' contains text 'ROMAN IOVLEV'.</msg>
<status status="PASS" starttime="20211021 20:52:58.554" endtime="20211021 20:52:58.568"/>
</kw>
<status status="PASS" starttime="20211021 20:52:58.387" endtime="20211021 20:52:58.568"/>
</kw>
<status status="PASS" starttime="20211021 20:52:58.386" endtime="20211021 20:52:58.568"/>
</kw>
<kw name="Service Page actions" library="ScriptApp">
<kw name="Load and Verify" library="ServicePage">
<kw name="Click Element" library="SeleniumLibrary">
<arg>${SERVICE_MENU}</arg>
<doc>Click the element identified by ``locator``.</doc>
<msg timestamp="20211021 20:52:58.569" level="INFO">Clicking element 'xpath:/html/body/header/div/nav/ul[1]/li[3]/a'.</msg>
<status status="PASS" starttime="20211021 20:52:58.569" endtime="20211021 20:52:58.596"/>
</kw>
<kw name="Click Link" library="SeleniumLibrary">
<arg>Different elements</arg>
<doc>Clicks a link identified by ``locator``.</doc>
<msg timestamp="20211021 20:52:58.597" level="INFO">Clicking link 'Different elements'.</msg>
<status status="PASS" starttime="20211021 20:52:58.597" endtime="20211021 20:52:59.148"/>
</kw>
<kw name="Page Should Contain Button" library="SeleniumLibrary">
<arg>Default Button</arg>
<doc>Verifies button ``locator`` is found from current page.</doc>
<msg timestamp="20211021 20:52:59.168" level="INFO">Current page contains button 'Default Button'.</msg>
<status status="PASS" starttime="20211021 20:52:59.148" endtime="20211021 20:52:59.168"/>
</kw>
<status status="PASS" starttime="20211021 20:52:58.569" endtime="20211021 20:52:59.168"/>
</kw>
<kw name="Select checkboxes and buttons" library="ServicePage">
<kw name="Select Checkbox" library="SeleniumLibrary">
<arg>${WATER_CHECKBOX}</arg>
<doc>Selects the checkbox identified by ``locator``.</doc>
<msg timestamp="20211021 20:52:59.169" level="INFO">Selecting checkbox 'xpath:/html/body/div/div[2]/main/div[2]/div/div[2]/label[1]/input'.</msg>
<status status="PASS" starttime="20211021 20:52:59.169" endtime="20211021 20:52:59.213"/>
</kw>
<kw name="Select Checkbox" library="SeleniumLibrary">
<arg>${WIND_CHECKBOX}</arg>
<doc>Selects the checkbox identified by ``locator``.</doc>
<msg timestamp="20211021 20:52:59.214" level="INFO">Selecting checkbox 'xpath:/html/body/div/div[2]/main/div[2]/div/div[2]/label[3]/input'.</msg>
<status status="PASS" starttime="20211021 20:52:59.214" endtime="20211021 20:52:59.261"/>
</kw>
<kw name="Click Element" library="SeleniumLibrary">
<arg>${SELEN_RADIO}</arg>
<doc>Click the element identified by ``locator``.</doc>
<msg timestamp="20211021 20:52:59.262" level="INFO">Clicking element 'xpath:/html/body/div/div[2]/main/div[2]/div/div[3]/label[4]'.</msg>
<status status="PASS" starttime="20211021 20:52:59.262" endtime="20211021 20:52:59.288"/>
</kw>
<kw name="Click Element" library="SeleniumLibrary">
<arg>${COLOR_MENU}</arg>
<doc>Click the element identified by ``locator``.</doc>
<msg timestamp="20211021 20:52:59.288" level="INFO">Clicking element 'xpath:/html/body/div/div[2]/main/div[2]/div/div[4]/select'.</msg>
<status status="PASS" starttime="20211021 20:52:59.288" endtime="20211021 20:52:59.322"/>
</kw>
<kw name="Click Element" library="SeleniumLibrary">
<arg>${YELLOW_SELECT}</arg>
<doc>Click the element identified by ``locator``.</doc>
<msg timestamp="20211021 20:52:59.323" level="INFO">Clicking element 'xpath:/html/body/div/div[2]/main/div[2]/div/div[4]/select/option[4]'.</msg>
<status status="PASS" starttime="20211021 20:52:59.323" endtime="20211021 20:52:59.346"/>
</kw>
<status status="PASS" starttime="20211021 20:52:59.168" endtime="20211021 20:52:59.346"/>
</kw>
<kw name="Confirm Selection status" library="ServicePage">
<kw name="Page Should Contain" library="SeleniumLibrary">
<arg>${WATER}</arg>
<doc>Verifies that current page contains ``text``.</doc>
<msg timestamp="20211021 20:52:59.355" level="INFO">Current page contains text 'Water: condition changed to true'.</msg>
<status status="PASS" starttime="20211021 20:52:59.347" endtime="20211021 20:52:59.356"/>
</kw>
<kw name="Page Should Contain" library="SeleniumLibrary">
<arg>${WIND}</arg>
<doc>Verifies that current page contains ``text``.</doc>
<msg timestamp="20211021 20:52:59.364" level="INFO">Current page contains text 'Wind: condition changed to true'.</msg>
<status status="PASS" starttime="20211021 20:52:59.356" endtime="20211021 20:52:59.364"/>
</kw>
<kw name="Element Should Contain" library="SeleniumLibrary">
<arg>${LOG_WINDOW}</arg>
<arg>${SELEN}</arg>
<doc>Verifies that element ``locator`` contains text ``expected``.</doc>
<msg timestamp="20211021 20:52:59.379" level="INFO">Element 'xpath://*[@id="mCSB_2_container"]/section[1]/div[2]/div/ul' contains text 'metal: value changed to Selen'.</msg>
<status status="PASS" starttime="20211021 20:52:59.364" endtime="20211021 20:52:59.379"/>
</kw>
<kw name="Page Should Contain" library="SeleniumLibrary">
<arg>${YELLOW}</arg>
<doc>Verifies that current page contains ``text``.</doc>
<msg timestamp="20211021 20:52:59.387" level="INFO">Current page contains text 'Colors: value changed to Yellow'.</msg>
<status status="PASS" starttime="20211021 20:52:59.379" endtime="20211021 20:52:59.387"/>
</kw>
<status status="PASS" starttime="20211021 20:52:59.347" endtime="20211021 20:52:59.387"/>
</kw>
<status status="PASS" starttime="20211021 20:52:58.569" endtime="20211021 20:52:59.387"/>
</kw>
<kw name="End Web Test" library="Common" type="TEARDOWN">
<kw name="Close Browser" library="SeleniumLibrary">
<doc>Closes the current browser.</doc>
<status status="PASS" starttime="20211021 20:52:59.388" endtime="20211021 20:53:01.528"/>
</kw>
<status status="PASS" starttime="20211021 20:52:59.388" endtime="20211021 20:53:01.528"/>
</kw>
<doc>Perform some actions at the test site</doc>
<tag>Exercise 1</tag>
<status status="PASS" starttime="20211021 20:52:56.010" endtime="20211021 20:53:01.529"/>
</test>
<doc>Perform some actions at the test site</doc>
<status status="PASS" starttime="20211021 20:52:55.854" endtime="20211021 20:53:01.532"/>
</suite>
<statistics>
<total>
<stat pass="1" fail="0" skip="0">All Tests</stat>
</total>
<tag>
<stat pass="1" fail="0" skip="0">Exercise 1</stat>
</tag>
<suite>
<stat pass="1" fail="0" skip="0" id="s1" name="Script">Script</stat>
</suite>
</statistics>
<errors>
</errors>
</robot>
