<?xml version="1.0" encoding="UTF-8"?>
<robot generator="Robot 4.1.1 (Python 3.10.0 on win32)" generated="20211021 20:30:38.242" rpa="false" schemaversion="2">
<suite id="s1" name="Script" source="C:\development\robot-scripts\test_project\tests\Script.robot">
<test id="s1-t1" name="User must sign in and select some elements">
<kw name="Begin Web Test" library="Common" type="SETUP">
<kw name="Open Browser" library="SeleniumLibrary">
<arg>${URL}</arg>
<arg>${BROWSER}</arg>
<doc>Opens a new browser instance to the optional ``url``.</doc>
<msg timestamp="20211021 20:30:38.398" level="INFO">Opening browser 'chrome' to base url 'https://jdi-testing.github.io/jdi-light/index.html'.</msg>
<status status="PASS" starttime="20211021 20:30:38.398" endtime="20211021 20:30:40.407"/>
</kw>
<kw name="Maximize Browser Window" library="SeleniumLibrary">
<doc>Maximizes current browser window.</doc>
<status status="PASS" starttime="20211021 20:30:40.408" endtime="20211021 20:30:40.530"/>
</kw>
<status status="PASS" starttime="20211021 20:30:38.398" endtime="20211021 20:30:40.530"/>
</kw>
<kw name="Enter to Landing Page" library="ScriptApp">
<kw name="Load and Verify" library="LandingPage">
<kw name="Go To" library="SeleniumLibrary">
<arg>${URL}</arg>
<doc>Navigates the current browser window to the provided ``url``.</doc>
<msg timestamp="20211021 20:30:40.530" level="INFO">Opening url 'https://jdi-testing.github.io/jdi-light/index.html'</msg>
<status status="PASS" starttime="20211021 20:30:40.530" endtime="20211021 20:30:40.778"/>
</kw>
<kw name="Wait Until Page Contains" library="SeleniumLibrary">
<arg>Home Page</arg>
<doc>Waits until ``text`` appears on the current page.</doc>
<status status="PASS" starttime="20211021 20:30:40.778" endtime="20211021 20:30:40.787"/>
</kw>
<status status="PASS" starttime="20211021 20:30:40.530" endtime="20211021 20:30:40.787"/>
</kw>
<status status="PASS" starttime="20211021 20:30:40.530" endtime="20211021 20:30:40.787"/>
</kw>
<kw name="Login Web site" library="ScriptApp">
<kw name="Login and Verify" library="Login">
<kw name="Click Element" library="SeleniumLibrary">
<arg>${ICON}</arg>
<doc>Click the element identified by ``locator``.</doc>
<msg timestamp="20211021 20:30:40.788" level="INFO">Clicking element 'xpath:/html/body/header/div/nav/ul[2]/li/a'.</msg>
<status status="PASS" starttime="20211021 20:30:40.788" endtime="20211021 20:30:40.819"/>
</kw>
<kw name="Input Text" library="SeleniumLibrary">
<arg>id:name</arg>
<arg>${USENAME_PASSWORD_LOGGINED}[0]</arg>
<doc>Types the given ``text`` into the text field identified by ``locator``.</doc>
<msg timestamp="20211021 20:30:40.819" level="INFO">Typing text 'Roman' into text field 'id:name'.</msg>
<status status="PASS" starttime="20211021 20:30:40.819" endtime="20211021 20:30:40.875"/>
</kw>
<kw name="Input Password" library="SeleniumLibrary">
<arg>id:password</arg>
<arg>${USENAME_PASSWORD_LOGGINED}[1]</arg>
<doc>Types the given password into the text field identified by ``locator``.</doc>
<msg timestamp="20211021 20:30:40.875" level="INFO">Typing password into text field 'id:password'.</msg>
<msg timestamp="20211021 20:30:40.898" level="INFO">Temporally setting log level to: NONE</msg>
<msg timestamp="20211021 20:30:40.924" level="INFO">Log level changed from NONE to INFO.</msg>
<status status="PASS" starttime="20211021 20:30:40.875" endtime="20211021 20:30:40.925"/>
</kw>
<kw name="Click Element" library="SeleniumLibrary">
<arg>id:login-button</arg>
<doc>Click the element identified by ``locator``.</doc>
<msg timestamp="20211021 20:30:40.925" level="INFO">Clicking element 'id:login-button'.</msg>
<status status="PASS" starttime="20211021 20:30:40.925" endtime="20211021 20:30:40.953"/>
</kw>
<kw name="Element Should Contain" library="SeleniumLibrary">
<arg>id=user-name</arg>
<arg>${USENAME_PASSWORD_LOGGINED}[2]</arg>
<doc>Verifies that element ``locator`` contains text ``expected``.</doc>
<msg timestamp="20211021 20:30:40.967" level="INFO">Element 'id=user-name' contains text 'ROMAN IOVLEV'.</msg>
<status status="PASS" starttime="20211021 20:30:40.954" endtime="20211021 20:30:40.967"/>
</kw>
<status status="PASS" starttime="20211021 20:30:40.788" endtime="20211021 20:30:40.968"/>
</kw>
<status status="PASS" starttime="20211021 20:30:40.788" endtime="20211021 20:30:40.968"/>
</kw>
<kw name="Service Page actions" library="ScriptApp">
<kw name="Load and Verify" library="ServicePage">
<kw name="Click Element" library="SeleniumLibrary">
<arg>${SERVICE_MENU}</arg>
<doc>Click the element identified by ``locator``.</doc>
<msg timestamp="20211021 20:30:40.969" level="INFO">Clicking element 'xpath:/html/body/header/div/nav/ul[1]/li[3]/a'.</msg>
<status status="PASS" starttime="20211021 20:30:40.969" endtime="20211021 20:30:40.994"/>
</kw>
<kw name="Click Link" library="SeleniumLibrary">
<arg>Different elements</arg>
<doc>Clicks a link identified by ``locator``.</doc>
<msg timestamp="20211021 20:30:40.994" level="INFO">Clicking link 'Different elements'.</msg>
<status status="PASS" starttime="20211021 20:30:40.994" endtime="20211021 20:30:41.345"/>
</kw>
<kw name="Page Should Contain Button" library="SeleniumLibrary">
<arg>Default Button</arg>
<doc>Verifies button ``locator`` is found from current page.</doc>
<msg timestamp="20211021 20:30:41.367" level="INFO">Current page contains button 'Default Button'.</msg>
<status status="PASS" starttime="20211021 20:30:41.346" endtime="20211021 20:30:41.367"/>
</kw>
<status status="PASS" starttime="20211021 20:30:40.968" endtime="20211021 20:30:41.367"/>
</kw>
<kw name="Select checkboxes and buttons" library="ServicePage">
<kw name="Select Checkbox" library="SeleniumLibrary">
<arg>${WATER_CHECKBOX}</arg>
<doc>Selects the checkbox identified by ``locator``.</doc>
<msg timestamp="20211021 20:30:41.368" level="INFO">Selecting checkbox 'xpath:/html/body/div/div[2]/main/div[2]/div/div[2]/label[1]/input'.</msg>
<status status="PASS" starttime="20211021 20:30:41.367" endtime="20211021 20:30:41.413"/>
</kw>
<kw name="Select Checkbox" library="SeleniumLibrary">
<arg>${WIND_CHECKBOX}</arg>
<doc>Selects the checkbox identified by ``locator``.</doc>
<msg timestamp="20211021 20:30:41.414" level="INFO">Selecting checkbox 'xpath:/html/body/div/div[2]/main/div[2]/div/div[2]/label[3]/input'.</msg>
<status status="PASS" starttime="20211021 20:30:41.413" endtime="20211021 20:30:41.464"/>
</kw>
<kw name="Click Element" library="SeleniumLibrary">
<arg>${SELEN_RADIO}</arg>
<doc>Click the element identified by ``locator``.</doc>
<msg timestamp="20211021 20:30:41.464" level="INFO">Clicking element 'xpath:/html/body/div/div[2]/main/div[2]/div/div[3]/label[4]'.</msg>
<status status="PASS" starttime="20211021 20:30:41.464" endtime="20211021 20:30:41.492"/>
</kw>
<kw name="Click Element" library="SeleniumLibrary">
<arg>${COLOR_MENU}</arg>
<doc>Click the element identified by ``locator``.</doc>
<msg timestamp="20211021 20:30:41.492" level="INFO">Clicking element 'xpath:/html/body/div/div[2]/main/div[2]/div/div[4]/select'.</msg>
<status status="PASS" starttime="20211021 20:30:41.492" endtime="20211021 20:30:41.528"/>
</kw>
<kw name="Click Element" library="SeleniumLibrary">
<arg>${YELLOW_SELECT}</arg>
<doc>Click the element identified by ``locator``.</doc>
<msg timestamp="20211021 20:30:41.528" level="INFO">Clicking element 'xpath:/html/body/div/div[2]/main/div[2]/div/div[4]/select/option[4]'.</msg>
<status status="PASS" starttime="20211021 20:30:41.528" endtime="20211021 20:30:41.550"/>
</kw>
<status status="PASS" starttime="20211021 20:30:41.367" endtime="20211021 20:30:41.550"/>
</kw>
<kw name="Confirm Selection status" library="ServicePage">
<kw name="Page Should Contain" library="SeleniumLibrary">
<arg>${WATER}</arg>
<doc>Verifies that current page contains ``text``.</doc>
<msg timestamp="20211021 20:30:41.559" level="INFO">Current page contains text 'Water: condition changed to true'.</msg>
<status status="PASS" starttime="20211021 20:30:41.551" endtime="20211021 20:30:41.559"/>
</kw>
<kw name="Page Should Contain" library="SeleniumLibrary">
<arg>${WIND}</arg>
<doc>Verifies that current page contains ``text``.</doc>
<msg timestamp="20211021 20:30:41.567" level="INFO">Current page contains text 'Wind: condition changed to true'.</msg>
<status status="PASS" starttime="20211021 20:30:41.559" endtime="20211021 20:30:41.567"/>
</kw>
<kw name="Element Should Contain" library="SeleniumLibrary">
<arg>${LOG_WINDOW}</arg>
<arg>${SELEN}</arg>
<doc>Verifies that element ``locator`` contains text ``expected``.</doc>
<msg timestamp="20211021 20:30:41.581" level="INFO">Element 'xpath://*[@id="mCSB_2_container"]/section[1]/div[2]/div/ul' contains text 'metal: value changed to Selen'.</msg>
<status status="PASS" starttime="20211021 20:30:41.567" endtime="20211021 20:30:41.581"/>
</kw>
<kw name="Page Should Contain" library="SeleniumLibrary">
<arg>${YELLOW}</arg>
<doc>Verifies that current page contains ``text``.</doc>
<msg timestamp="20211021 20:30:41.588" level="INFO">Current page contains text 'Colors: value changed to Yellow'.</msg>
<status status="PASS" starttime="20211021 20:30:41.581" endtime="20211021 20:30:41.588"/>
</kw>
<status status="PASS" starttime="20211021 20:30:41.550" endtime="20211021 20:30:41.588"/>
</kw>
<status status="PASS" starttime="20211021 20:30:40.968" endtime="20211021 20:30:41.589"/>
</kw>
<kw name="End Web Test" library="Common" type="TEARDOWN">
<kw name="Close Browser" library="SeleniumLibrary">
<doc>Closes the current browser.</doc>
<status status="PASS" starttime="20211021 20:30:41.589" endtime="20211021 20:30:43.720"/>
</kw>
<status status="PASS" starttime="20211021 20:30:41.589" endtime="20211021 20:30:43.720"/>
</kw>
<doc>Perform some actions at the test site</doc>
<tag>Exercise 1</tag>
<status status="PASS" starttime="20211021 20:30:38.397" endtime="20211021 20:30:43.721"/>
</test>
<doc>Perform some actions at the test site</doc>
<status status="PASS" starttime="20211021 20:30:38.244" endtime="20211021 20:30:43.724"/>
</suite>
<statistics>
<total>
<stat pass="1" fail="0" skip="0">All Tests</stat>
</total>
<tag>
<stat pass="1" fail="0" skip="0">Exercise 1</stat>
</tag>
<suite>
<stat pass="1" fail="0" skip="0" id="s1" name="Script">Script</stat>
</suite>
</statistics>
<errors>
</errors>
</robot>
