<?xml version="1.0" encoding="UTF-8"?>
<robot generator="Robot 4.1.1 (Python 3.10.0 on win32)" generated="20211022 16:44:37.507" rpa="false" schemaversion="2">
<suite id="s1" name="Script" source="C:\development\robot-scripts\test_project\tests\Script.robot">
<test id="s1-t1" name="User must sign in and select some elements">
<kw name="Begin Web Test" library="Common" type="SETUP">
<kw name="Open Browser" library="SeleniumLibrary">
<arg>${URL}</arg>
<arg>${BROWSER}</arg>
<doc>Opens a new browser instance to the optional ``url``.</doc>
<msg timestamp="20211022 16:44:37.670" level="INFO">Opening browser 'chrome' to base url 'https://jdi-testing.github.io/jdi-light/index.html'.</msg>
<status status="PASS" starttime="20211022 16:44:37.670" endtime="20211022 16:44:39.512"/>
</kw>
<kw name="Maximize Browser Window" library="SeleniumLibrary">
<doc>Maximizes current browser window.</doc>
<status status="PASS" starttime="20211022 16:44:39.512" endtime="20211022 16:44:39.632"/>
</kw>
<status status="PASS" starttime="20211022 16:44:37.670" endtime="20211022 16:44:39.632"/>
</kw>
<kw name="Enter to Landing Page" library="ScriptApp">
<kw name="Load and Verify" library="LandingPage">
<kw name="Go To" library="SeleniumLibrary">
<arg>${URL}</arg>
<doc>Navigates the current browser window to the provided ``url``.</doc>
<msg timestamp="20211022 16:44:39.632" level="INFO">Opening url 'https://jdi-testing.github.io/jdi-light/index.html'</msg>
<status status="PASS" starttime="20211022 16:44:39.632" endtime="20211022 16:44:39.895"/>
</kw>
<kw name="Wait Until Page Contains" library="SeleniumLibrary">
<arg>Home Page</arg>
<doc>Waits until ``text`` appears on the current page.</doc>
<status status="PASS" starttime="20211022 16:44:39.896" endtime="20211022 16:44:39.905"/>
</kw>
<status status="PASS" starttime="20211022 16:44:39.632" endtime="20211022 16:44:39.905"/>
</kw>
<status status="PASS" starttime="20211022 16:44:39.632" endtime="20211022 16:44:39.905"/>
</kw>
<kw name="Login Web site" library="ScriptApp">
<kw name="Login and Verify" library="Login">
<arg>@{USENAME_PASSWORD_LOGGINED}</arg>
<kw name="Click Element" library="SeleniumLibrary">
<arg>${LoginIcon}</arg>
<doc>Click the element identified by ``locator``.</doc>
<msg timestamp="20211022 16:44:39.906" level="INFO">Clicking element '//div[@class='profile-photo']//parent::a'.</msg>
<status status="PASS" starttime="20211022 16:44:39.906" endtime="20211022 16:44:39.939"/>
</kw>
<kw name="Input Text" library="SeleniumLibrary">
<arg>id:name</arg>
<arg>${list}[0]</arg>
<doc>Types the given ``text`` into the text field identified by ``locator``.</doc>
<msg timestamp="20211022 16:44:39.940" level="INFO">Typing text 'Roman' into text field 'id:name'.</msg>
<status status="PASS" starttime="20211022 16:44:39.939" endtime="20211022 16:44:39.996"/>
</kw>
<kw name="Input Password" library="SeleniumLibrary">
<arg>id:password</arg>
<arg>${list}[1]</arg>
<doc>Types the given password into the text field identified by ``locator``.</doc>
<msg timestamp="20211022 16:44:39.997" level="INFO">Typing password into text field 'id:password'.</msg>
<msg timestamp="20211022 16:44:40.021" level="INFO">Temporally setting log level to: NONE</msg>
<msg timestamp="20211022 16:44:40.044" level="INFO">Log level changed from NONE to INFO.</msg>
<status status="PASS" starttime="20211022 16:44:39.996" endtime="20211022 16:44:40.044"/>
</kw>
<kw name="Click Element" library="SeleniumLibrary">
<arg>id:login-button</arg>
<doc>Click the element identified by ``locator``.</doc>
<msg timestamp="20211022 16:44:40.044" level="INFO">Clicking element 'id:login-button'.</msg>
<status status="PASS" starttime="20211022 16:44:40.044" endtime="20211022 16:44:40.072"/>
</kw>
<kw name="Element Should Contain" library="SeleniumLibrary">
<arg>id=user-name</arg>
<arg>${list}[2]</arg>
<doc>Verifies that element ``locator`` contains text ``expected``.</doc>
<msg timestamp="20211022 16:44:40.086" level="INFO">Element 'id=user-name' contains text 'ROMAN IOVLEV'.</msg>
<status status="PASS" starttime="20211022 16:44:40.073" endtime="20211022 16:44:40.086"/>
</kw>
<status status="PASS" starttime="20211022 16:44:39.905" endtime="20211022 16:44:40.087"/>
</kw>
<status status="PASS" starttime="20211022 16:44:39.905" endtime="20211022 16:44:40.087"/>
</kw>
<kw name="Service Page actions" library="ScriptApp">
<kw name="Load and Verify" library="ServicePage">
<kw name="Click Link" library="SeleniumLibrary">
<arg>Service</arg>
<doc>Clicks a link identified by ``locator``.</doc>
<msg timestamp="20211022 16:44:40.088" level="INFO">Clicking link 'Service'.</msg>
<status status="PASS" starttime="20211022 16:44:40.087" endtime="20211022 16:44:40.115"/>
</kw>
<kw name="Click Link" library="SeleniumLibrary">
<arg>Different elements</arg>
<doc>Clicks a link identified by ``locator``.</doc>
<msg timestamp="20211022 16:44:40.116" level="INFO">Clicking link 'Different elements'.</msg>
<status status="PASS" starttime="20211022 16:44:40.116" endtime="20211022 16:44:40.421"/>
</kw>
<kw name="Page Should Contain Button" library="SeleniumLibrary">
<arg>Default Button</arg>
<doc>Verifies button ``locator`` is found from current page.</doc>
<msg timestamp="20211022 16:44:40.444" level="INFO">Current page contains button 'Default Button'.</msg>
<status status="PASS" starttime="20211022 16:44:40.421" endtime="20211022 16:44:40.444"/>
</kw>
<status status="PASS" starttime="20211022 16:44:40.087" endtime="20211022 16:44:40.444"/>
</kw>
<kw name="Select checkboxes and buttons" library="ServicePage">
<kw name="Select Checkbox" library="SeleniumLibrary">
<arg>${WaterCheckbox}</arg>
<doc>Selects the checkbox identified by ``locator``.</doc>
<msg timestamp="20211022 16:44:40.445" level="INFO">Selecting checkbox '//label[text()[contains(.,'Water')]]//child::input'.</msg>
<status status="PASS" starttime="20211022 16:44:40.445" endtime="20211022 16:44:40.490"/>
</kw>
<kw name="Select Checkbox" library="SeleniumLibrary">
<arg>${WindCheckbox}</arg>
<doc>Selects the checkbox identified by ``locator``.</doc>
<msg timestamp="20211022 16:44:40.491" level="INFO">Selecting checkbox '//label[text()[contains(.,'Wind')]]//child::input'.</msg>
<status status="PASS" starttime="20211022 16:44:40.491" endtime="20211022 16:44:40.539"/>
</kw>
<kw name="Click Element" library="SeleniumLibrary">
<arg>${SelenRadio}</arg>
<doc>Click the element identified by ``locator``.</doc>
<msg timestamp="20211022 16:44:40.539" level="INFO">Clicking element '//label[text()[contains(.,'Selen')]]//child::input'.</msg>
<status status="PASS" starttime="20211022 16:44:40.539" endtime="20211022 16:44:40.569"/>
</kw>
<kw name="Click Element" library="SeleniumLibrary">
<arg>${ColorMenu}</arg>
<doc>Click the element identified by ``locator``.</doc>
<msg timestamp="20211022 16:44:40.569" level="INFO">Clicking element '//div[@class='colors']//child::select'.</msg>
<status status="PASS" starttime="20211022 16:44:40.569" endtime="20211022 16:44:40.604"/>
</kw>
<kw name="Click Element" library="SeleniumLibrary">
<arg>${YellowSelect}</arg>
<doc>Click the element identified by ``locator``.</doc>
<msg timestamp="20211022 16:44:40.604" level="INFO">Clicking element '//option[text()[contains(.,'Yellow')]]'.</msg>
<status status="PASS" starttime="20211022 16:44:40.604" endtime="20211022 16:44:40.624"/>
</kw>
<status status="PASS" starttime="20211022 16:44:40.444" endtime="20211022 16:44:40.624"/>
</kw>
<kw name="Confirm Selection status" library="ServicePage">
<kw name="Page Should Contain" library="SeleniumLibrary">
<arg>${WATER}</arg>
<doc>Verifies that current page contains ``text``.</doc>
<msg timestamp="20211022 16:44:40.632" level="INFO">Current page contains text 'Water: condition changed to true'.</msg>
<status status="PASS" starttime="20211022 16:44:40.625" endtime="20211022 16:44:40.632"/>
</kw>
<kw name="Page Should Contain" library="SeleniumLibrary">
<arg>${WIND}</arg>
<doc>Verifies that current page contains ``text``.</doc>
<msg timestamp="20211022 16:44:40.641" level="INFO">Current page contains text 'Wind: condition changed to true'.</msg>
<status status="PASS" starttime="20211022 16:44:40.632" endtime="20211022 16:44:40.641"/>
</kw>
<kw name="Element Should Contain" library="SeleniumLibrary">
<arg>${LogWindow}</arg>
<arg>${SELEN}</arg>
<doc>Verifies that element ``locator`` contains text ``expected``.</doc>
<msg timestamp="20211022 16:44:40.655" level="INFO">Element 'xpath://*[@id='mCSB_2_container']/section[1]/div[2]/div/ul' contains text 'metal: value changed to Selen'.</msg>
<status status="PASS" starttime="20211022 16:44:40.642" endtime="20211022 16:44:40.656"/>
</kw>
<kw name="Page Should Contain" library="SeleniumLibrary">
<arg>${YELLOW}</arg>
<doc>Verifies that current page contains ``text``.</doc>
<msg timestamp="20211022 16:44:40.664" level="INFO">Current page contains text 'Colors: value changed to Yellow'.</msg>
<status status="PASS" starttime="20211022 16:44:40.656" endtime="20211022 16:44:40.664"/>
</kw>
<status status="PASS" starttime="20211022 16:44:40.624" endtime="20211022 16:44:40.664"/>
</kw>
<status status="PASS" starttime="20211022 16:44:40.087" endtime="20211022 16:44:40.665"/>
</kw>
<kw name="End Web Test" library="Common" type="TEARDOWN">
<kw name="Close Browser" library="SeleniumLibrary">
<doc>Closes the current browser.</doc>
<status status="PASS" starttime="20211022 16:44:40.665" endtime="20211022 16:44:42.762"/>
</kw>
<status status="PASS" starttime="20211022 16:44:40.665" endtime="20211022 16:44:42.762"/>
</kw>
<doc>Perform some actions at the test site</doc>
<tag>Exercise 1</tag>
<status status="PASS" starttime="20211022 16:44:37.670" endtime="20211022 16:44:42.762"/>
</test>
<doc>Perform some actions at the test site</doc>
<status status="PASS" starttime="20211022 16:44:37.507" endtime="20211022 16:44:42.762"/>
</suite>
<statistics>
<total>
<stat pass="1" fail="0" skip="0">All Tests</stat>
</total>
<tag>
<stat pass="1" fail="0" skip="0">Exercise 1</stat>
</tag>
<suite>
<stat pass="1" fail="0" skip="0" id="s1" name="Script">Script</stat>
</suite>
</statistics>
<errors>
</errors>
</robot>
