<?xml version="1.0" encoding="UTF-8"?>
<robot generator="Robot 4.1.1 (Python 3.10.0 on win32)" generated="20211021 22:02:35.480" rpa="false" schemaversion="2">
<suite id="s1" name="Script" source="C:\development\robot-scripts\test_project\tests\Script.robot">
<test id="s1-t1" name="User must sign in and select some elements">
<kw name="Begin Web Test" library="Common" type="SETUP">
<kw name="Open Browser" library="SeleniumLibrary">
<arg>${URL}</arg>
<arg>${BROWSER}</arg>
<doc>Opens a new browser instance to the optional ``url``.</doc>
<msg timestamp="20211021 22:02:35.637" level="INFO">Opening browser 'chrome' to base url 'https://jdi-testing.github.io/jdi-light/index.html'.</msg>
<status status="PASS" starttime="20211021 22:02:35.637" endtime="20211021 22:02:37.407"/>
</kw>
<kw name="Maximize Browser Window" library="SeleniumLibrary">
<doc>Maximizes current browser window.</doc>
<status status="PASS" starttime="20211021 22:02:37.407" endtime="20211021 22:02:37.528"/>
</kw>
<status status="PASS" starttime="20211021 22:02:35.637" endtime="20211021 22:02:37.528"/>
</kw>
<kw name="Enter to Landing Page" library="ScriptApp">
<kw name="Load and Verify" library="LandingPage">
<kw name="Go To" library="SeleniumLibrary">
<arg>${URL}</arg>
<doc>Navigates the current browser window to the provided ``url``.</doc>
<msg timestamp="20211021 22:02:37.531" level="INFO">Opening url 'https://jdi-testing.github.io/jdi-light/index.html'</msg>
<status status="PASS" starttime="20211021 22:02:37.531" endtime="20211021 22:02:37.787"/>
</kw>
<kw name="Wait Until Page Contains" library="SeleniumLibrary">
<arg>Home Page</arg>
<doc>Waits until ``text`` appears on the current page.</doc>
<status status="PASS" starttime="20211021 22:02:37.788" endtime="20211021 22:02:37.797"/>
</kw>
<status status="PASS" starttime="20211021 22:02:37.530" endtime="20211021 22:02:37.797"/>
</kw>
<status status="PASS" starttime="20211021 22:02:37.530" endtime="20211021 22:02:37.797"/>
</kw>
<kw name="Login Web site" library="ScriptApp">
<kw name="Login and Verify" library="Login">
<arg>@{USENAME_PASSWORD_LOGGINED}</arg>
<kw name="Click Element" library="SeleniumLibrary">
<arg>${LoginIcon}</arg>
<doc>Click the element identified by ``locator``.</doc>
<msg timestamp="20211021 22:02:37.799" level="INFO">Clicking element 'xpath:/html/body/header/div/nav/ul[2]/li/a'.</msg>
<status status="PASS" starttime="20211021 22:02:37.798" endtime="20211021 22:02:37.832"/>
</kw>
<kw name="Input Text" library="SeleniumLibrary">
<arg>id:name</arg>
<arg>${list}[0]</arg>
<doc>Types the given ``text`` into the text field identified by ``locator``.</doc>
<msg timestamp="20211021 22:02:37.832" level="INFO">Typing text 'Roman' into text field 'id:name'.</msg>
<status status="PASS" starttime="20211021 22:02:37.832" endtime="20211021 22:02:37.888"/>
</kw>
<kw name="Input Password" library="SeleniumLibrary">
<arg>id:password</arg>
<arg>${list}[1]</arg>
<doc>Types the given password into the text field identified by ``locator``.</doc>
<msg timestamp="20211021 22:02:37.889" level="INFO">Typing password into text field 'id:password'.</msg>
<msg timestamp="20211021 22:02:37.915" level="INFO">Temporally setting log level to: NONE</msg>
<msg timestamp="20211021 22:02:37.938" level="INFO">Log level changed from NONE to INFO.</msg>
<status status="PASS" starttime="20211021 22:02:37.889" endtime="20211021 22:02:37.939"/>
</kw>
<kw name="Click Element" library="SeleniumLibrary">
<arg>id:login-button</arg>
<doc>Click the element identified by ``locator``.</doc>
<msg timestamp="20211021 22:02:37.939" level="INFO">Clicking element 'id:login-button'.</msg>
<status status="PASS" starttime="20211021 22:02:37.939" endtime="20211021 22:02:37.967"/>
</kw>
<kw name="Element Should Contain" library="SeleniumLibrary">
<arg>id=user-name</arg>
<arg>${list}[2]</arg>
<doc>Verifies that element ``locator`` contains text ``expected``.</doc>
<msg timestamp="20211021 22:02:37.981" level="INFO">Element 'id=user-name' contains text 'ROMAN IOVLEV'.</msg>
<status status="PASS" starttime="20211021 22:02:37.967" endtime="20211021 22:02:37.981"/>
</kw>
<status status="PASS" starttime="20211021 22:02:37.798" endtime="20211021 22:02:37.981"/>
</kw>
<status status="PASS" starttime="20211021 22:02:37.798" endtime="20211021 22:02:37.982"/>
</kw>
<kw name="Service Page actions" library="ScriptApp">
<kw name="Load and Verify" library="ServicePage">
<kw name="Click Element" library="SeleniumLibrary">
<arg>${ServiceMenu}</arg>
<doc>Click the element identified by ``locator``.</doc>
<msg timestamp="20211021 22:02:37.983" level="INFO">Clicking element 'xpath:/html/body/header/div/nav/ul[1]/li[3]/a'.</msg>
<status status="PASS" starttime="20211021 22:02:37.982" endtime="20211021 22:02:38.009"/>
</kw>
<kw name="Click Link" library="SeleniumLibrary">
<arg>Different elements</arg>
<doc>Clicks a link identified by ``locator``.</doc>
<msg timestamp="20211021 22:02:38.009" level="INFO">Clicking link 'Different elements'.</msg>
<status status="PASS" starttime="20211021 22:02:38.009" endtime="20211021 22:02:38.302"/>
</kw>
<kw name="Page Should Contain Button" library="SeleniumLibrary">
<arg>Default Button</arg>
<doc>Verifies button ``locator`` is found from current page.</doc>
<msg timestamp="20211021 22:02:38.324" level="INFO">Current page contains button 'Default Button'.</msg>
<status status="PASS" starttime="20211021 22:02:38.302" endtime="20211021 22:02:38.324"/>
</kw>
<status status="PASS" starttime="20211021 22:02:37.982" endtime="20211021 22:02:38.324"/>
</kw>
<kw name="Select checkboxes and buttons" library="ServicePage">
<kw name="Select Checkbox" library="SeleniumLibrary">
<arg>${WaterCheckbox}</arg>
<doc>Selects the checkbox identified by ``locator``.</doc>
<msg timestamp="20211021 22:02:38.325" level="INFO">Selecting checkbox 'xpath:/html/body/div/div[2]/main/div[2]/div/div[2]/label[1]/input'.</msg>
<status status="PASS" starttime="20211021 22:02:38.324" endtime="20211021 22:02:38.369"/>
</kw>
<kw name="Select Checkbox" library="SeleniumLibrary">
<arg>${WindCheckbox}</arg>
<doc>Selects the checkbox identified by ``locator``.</doc>
<msg timestamp="20211021 22:02:38.370" level="INFO">Selecting checkbox 'xpath:/html/body/div/div[2]/main/div[2]/div/div[2]/label[3]/input'.</msg>
<status status="PASS" starttime="20211021 22:02:38.370" endtime="20211021 22:02:38.416"/>
</kw>
<kw name="Click Element" library="SeleniumLibrary">
<arg>${SelenRadio}</arg>
<doc>Click the element identified by ``locator``.</doc>
<msg timestamp="20211021 22:02:38.417" level="INFO">Clicking element 'xpath:/html/body/div/div[2]/main/div[2]/div/div[3]/label[4]'.</msg>
<status status="PASS" starttime="20211021 22:02:38.416" endtime="20211021 22:02:38.443"/>
</kw>
<kw name="Click Element" library="SeleniumLibrary">
<arg>${ColorMenu}</arg>
<doc>Click the element identified by ``locator``.</doc>
<msg timestamp="20211021 22:02:38.443" level="INFO">Clicking element 'xpath:/html/body/div/div[2]/main/div[2]/div/div[4]/select'.</msg>
<status status="PASS" starttime="20211021 22:02:38.443" endtime="20211021 22:02:38.478"/>
</kw>
<kw name="Click Element" library="SeleniumLibrary">
<arg>${YellowSelect}</arg>
<doc>Click the element identified by ``locator``.</doc>
<msg timestamp="20211021 22:02:38.479" level="INFO">Clicking element 'xpath:/html/body/div/div[2]/main/div[2]/div/div[4]/select/option[4]'.</msg>
<status status="PASS" starttime="20211021 22:02:38.478" endtime="20211021 22:02:38.499"/>
</kw>
<status status="PASS" starttime="20211021 22:02:38.324" endtime="20211021 22:02:38.499"/>
</kw>
<kw name="Confirm Selection status" library="ServicePage">
<kw name="Page Should Contain" library="SeleniumLibrary">
<arg>${WATER}</arg>
<doc>Verifies that current page contains ``text``.</doc>
<msg timestamp="20211021 22:02:38.506" level="INFO">Current page contains text 'Water: condition changed to true'.</msg>
<status status="PASS" starttime="20211021 22:02:38.499" endtime="20211021 22:02:38.507"/>
</kw>
<kw name="Page Should Contain" library="SeleniumLibrary">
<arg>${WIND}</arg>
<doc>Verifies that current page contains ``text``.</doc>
<msg timestamp="20211021 22:02:38.516" level="INFO">Current page contains text 'Wind: condition changed to true'.</msg>
<status status="PASS" starttime="20211021 22:02:38.507" endtime="20211021 22:02:38.517"/>
</kw>
<kw name="Element Should Contain" library="SeleniumLibrary">
<arg>${LogWindow}</arg>
<arg>${SELEN}</arg>
<doc>Verifies that element ``locator`` contains text ``expected``.</doc>
<msg timestamp="20211021 22:02:38.530" level="INFO">Element 'xpath://*[@id='mCSB_2_container']/section[1]/div[2]/div/ul' contains text 'metal: value changed to Selen'.</msg>
<status status="PASS" starttime="20211021 22:02:38.517" endtime="20211021 22:02:38.530"/>
</kw>
<kw name="Page Should Contain" library="SeleniumLibrary">
<arg>${YELLOW}</arg>
<doc>Verifies that current page contains ``text``.</doc>
<msg timestamp="20211021 22:02:38.539" level="INFO">Current page contains text 'Colors: value changed to Yellow'.</msg>
<status status="PASS" starttime="20211021 22:02:38.531" endtime="20211021 22:02:38.539"/>
</kw>
<status status="PASS" starttime="20211021 22:02:38.499" endtime="20211021 22:02:38.539"/>
</kw>
<status status="PASS" starttime="20211021 22:02:37.982" endtime="20211021 22:02:38.539"/>
</kw>
<kw name="End Web Test" library="Common" type="TEARDOWN">
<kw name="Close Browser" library="SeleniumLibrary">
<doc>Closes the current browser.</doc>
<status status="PASS" starttime="20211021 22:02:38.539" endtime="20211021 22:02:40.658"/>
</kw>
<status status="PASS" starttime="20211021 22:02:38.539" endtime="20211021 22:02:40.658"/>
</kw>
<doc>Perform some actions at the test site</doc>
<tag>Exercise 1</tag>
<status status="PASS" starttime="20211021 22:02:35.636" endtime="20211021 22:02:40.659"/>
</test>
<doc>Perform some actions at the test site</doc>
<status status="PASS" starttime="20211021 22:02:35.481" endtime="20211021 22:02:40.662"/>
</suite>
<statistics>
<total>
<stat pass="1" fail="0" skip="0">All Tests</stat>
</total>
<tag>
<stat pass="1" fail="0" skip="0">Exercise 1</stat>
</tag>
<suite>
<stat pass="1" fail="0" skip="0" id="s1" name="Script">Script</stat>
</suite>
</statistics>
<errors>
</errors>
</robot>
